<?xml version="1.0" encoding="UTF-8"?>
<coverage generated="1551736818733" clover="3.2.0">
  <project timestamp="1551736818733" name="All files">
    <metrics statements="31" coveredstatements="31" conditionals="1" coveredconditionals="1" methods="14" coveredmethods="14" elements="46" coveredelements="46" complexity="0" loc="31" ncloc="31" packages="1" files="2" classes="2"/>
    <file name="github-api-manager.js" path="/x_devs/_github/code.training/nodejs/console-app/api/github-api-manager.js">
      <metrics statements="15" coveredstatements="15" conditionals="1" coveredconditionals="1" methods="7" coveredmethods="7"/>
      <line num="1" count="1" type="stmt"/>
      <line num="3" count="1" type="stmt"/>
      <line num="6" count="1" type="stmt"/>
      <line num="8" count="1" type="stmt"/>
      <line num="16" count="1" type="stmt"/>
      <line num="17" count="1" type="stmt"/>
      <line num="18" count="1" type="stmt"/>
      <line num="20" count="1" type="stmt"/>
      <line num="22" count="1" type="stmt"/>
      <line num="23" count="1" type="stmt"/>
      <line num="24" count="1" type="stmt"/>
      <line num="33" count="1" type="stmt"/>
      <line num="35" count="29" type="stmt"/>
      <line num="40" count="1" type="stmt"/>
      <line num="43" count="1" type="stmt"/>
    </file>
    <file name="twitter-api-manager.js" path="/x_devs/_github/code.training/nodejs/console-app/api/twitter-api-manager.js">
      <metrics statements="16" coveredstatements="16" conditionals="0" coveredconditionals="0" methods="7" coveredmethods="7"/>
      <line num="1" count="1" type="stmt"/>
      <line num="2" count="1" type="stmt"/>
      <line num="4" count="1" type="stmt"/>
      <line num="5" count="1" type="stmt"/>
      <line num="9" count="1" type="stmt"/>
      <line num="21" count="1" type="stmt"/>
      <line num="22" count="1" type="stmt"/>
      <line num="23" count="1" type="stmt"/>
      <line num="25" count="1" type="stmt"/>
      <line num="27" count="1" type="stmt"/>
      <line num="28" count="1" type="stmt"/>
      <line num="29" count="1" type="stmt"/>
      <line num="39" count="1" type="stmt"/>
      <line num="41" count="15" type="stmt"/>
      <line num="46" count="1" type="stmt"/>
      <line num="49" count="1" type="stmt"/>
    </file>
  </project>
</coverage>
