{"/x_devs/_github/code.training/nodejs/console-app/api/github-api-manager.js": {"path":"/x_devs/_github/code.training/nodejs/console-app/api/github-api-manager.js","statementMap":{"0":{"start":{"line":1,"column":13},"end":{"line":1,"column":29}},"1":{"start":{"line":3,"column":19},"end":{"line":3,"column":66}},"2":{"start":{"line":6,"column":16},"end":{"line":6,"column":34}},"3":{"start":{"line":8,"column":20},"end":{"line":14,"column":5}},"4":{"start":{"line":16,"column":4},"end":{"line":28,"column":7}},"5":{"start":{"line":17,"column":8},"end":{"line":27,"column":33}},"6":{"start":{"line":18,"column":27},"end":{"line":18,"column":29}},"7":{"start":{"line":20,"column":16},"end":{"line":20,"column":55}},"8":{"start":{"line":20,"column":40},"end":{"line":20,"column":53}},"9":{"start":{"line":22,"column":16},"end":{"line":25,"column":19}},"10":{"start":{"line":23,"column":43},"end":{"line":23,"column":62}},"11":{"start":{"line":24,"column":20},"end":{"line":24,"column":44}},"12":{"start":{"line":33,"column":21},"end":{"line":33,"column":37}},"13":{"start":{"line":35,"column":16},"end":{"line":38,"column":7}},"14":{"start":{"line":35,"column":44},"end":{"line":38,"column":5}},"15":{"start":{"line":40,"column":4},"end":{"line":40,"column":15}},"16":{"start":{"line":43,"column":0},"end":{"line":46,"column":2}}},"fnMap":{"0":{"name":"findProjects","decl":{"start":{"line":5,"column":9},"end":{"line":5,"column":21}},"loc":{"start":{"line":5,"column":42},"end":{"line":29,"column":1}},"line":5},"1":{"name":"(anonymous_1)","decl":{"start":{"line":16,"column":23},"end":{"line":16,"column":24}},"loc":{"start":{"line":16,"column":44},"end":{"line":28,"column":5}},"line":16},"2":{"name":"(anonymous_2)","decl":{"start":{"line":17,"column":26},"end":{"line":17,"column":27}},"loc":{"start":{"line":17,"column":33},"end":{"line":26,"column":13}},"line":17},"3":{"name":"(anonymous_3)","decl":{"start":{"line":20,"column":31},"end":{"line":20,"column":32}},"loc":{"start":{"line":20,"column":40},"end":{"line":20,"column":53}},"line":20},"4":{"name":"(anonymous_4)","decl":{"start":{"line":22,"column":30},"end":{"line":22,"column":31}},"loc":{"start":{"line":22,"column":36},"end":{"line":25,"column":17}},"line":22},"5":{"name":"parseResponse","decl":{"start":{"line":31,"column":9},"end":{"line":31,"column":22}},"loc":{"start":{"line":31,"column":29},"end":{"line":41,"column":1}},"line":31},"6":{"name":"(anonymous_6)","decl":{"start":{"line":35,"column":35},"end":{"line":35,"column":36}},"loc":{"start":{"line":35,"column":44},"end":{"line":38,"column":5}},"line":35}},"branchMap":{"0":{"loc":{"start":{"line":5,"column":22},"end":{"line":5,"column":40}},"type":"default-arg","locations":[{"start":{"line":5,"column":30},"end":{"line":5,"column":40}}],"line":5}},"s":{"0":1,"1":1,"2":1,"3":1,"4":1,"5":1,"6":1,"7":1,"8":1,"9":1,"10":1,"11":1,"12":1,"13":1,"14":29,"15":1,"16":1},"f":{"0":1,"1":1,"2":1,"3":1,"4":1,"5":1,"6":29},"b":{"0":[1]},"_coverageSchema":"43e27e138ebf9cfc5966b082cf9a028302ed4184","hash":"24f17823c42dc1702500cb58d979945af7b86d13"}
,"/x_devs/_github/code.training/nodejs/console-app/api/twitter-api-manager.js": {"path":"/x_devs/_github/code.training/nodejs/console-app/api/twitter-api-manager.js","statementMap":{"0":{"start":{"line":1,"column":13},"end":{"line":1,"column":29}},"1":{"start":{"line":2,"column":11},"end":{"line":2,"column":33}},"2":{"start":{"line":4,"column":22},"end":{"line":4,"column":147}},"3":{"start":{"line":5,"column":20},"end":{"line":5,"column":84}},"4":{"start":{"line":9,"column":20},"end":{"line":19,"column":5}},"5":{"start":{"line":21,"column":4},"end":{"line":33,"column":7}},"6":{"start":{"line":22,"column":8},"end":{"line":32,"column":33}},"7":{"start":{"line":23,"column":27},"end":{"line":23,"column":29}},"8":{"start":{"line":25,"column":16},"end":{"line":25,"column":55}},"9":{"start":{"line":25,"column":40},"end":{"line":25,"column":53}},"10":{"start":{"line":27,"column":16},"end":{"line":30,"column":19}},"11":{"start":{"line":28,"column":43},"end":{"line":28,"column":62}},"12":{"start":{"line":29,"column":20},"end":{"line":29,"column":44}},"13":{"start":{"line":39,"column":21},"end":{"line":39,"column":37}},"14":{"start":{"line":41,"column":16},"end":{"line":44,"column":7}},"15":{"start":{"line":41,"column":47},"end":{"line":44,"column":5}},"16":{"start":{"line":46,"column":4},"end":{"line":46,"column":15}},"17":{"start":{"line":49,"column":0},"end":{"line":51,"column":1}}},"fnMap":{"0":{"name":"findTwitts","decl":{"start":{"line":8,"column":9},"end":{"line":8,"column":19}},"loc":{"start":{"line":8,"column":27},"end":{"line":35,"column":1}},"line":8},"1":{"name":"(anonymous_1)","decl":{"start":{"line":21,"column":23},"end":{"line":21,"column":24}},"loc":{"start":{"line":21,"column":44},"end":{"line":33,"column":5}},"line":21},"2":{"name":"(anonymous_2)","decl":{"start":{"line":22,"column":26},"end":{"line":22,"column":27}},"loc":{"start":{"line":22,"column":35},"end":{"line":31,"column":13}},"line":22},"3":{"name":"(anonymous_3)","decl":{"start":{"line":25,"column":31},"end":{"line":25,"column":32}},"loc":{"start":{"line":25,"column":40},"end":{"line":25,"column":53}},"line":25},"4":{"name":"(anonymous_4)","decl":{"start":{"line":27,"column":30},"end":{"line":27,"column":31}},"loc":{"start":{"line":27,"column":36},"end":{"line":30,"column":17}},"line":27},"5":{"name":"parseResponse","decl":{"start":{"line":38,"column":9},"end":{"line":38,"column":22}},"loc":{"start":{"line":38,"column":29},"end":{"line":47,"column":1}},"line":38},"6":{"name":"(anonymous_6)","decl":{"start":{"line":41,"column":38},"end":{"line":41,"column":39}},"loc":{"start":{"line":41,"column":47},"end":{"line":44,"column":5}},"line":41}},"branchMap":{},"s":{"0":1,"1":1,"2":1,"3":1,"4":1,"5":1,"6":1,"7":1,"8":1,"9":1,"10":1,"11":1,"12":1,"13":1,"14":1,"15":15,"16":1,"17":1},"f":{"0":1,"1":1,"2":1,"3":1,"4":1,"5":1,"6":15},"b":{},"_coverageSchema":"43e27e138ebf9cfc5966b082cf9a028302ed4184","hash":"41f52f81fc097476975baf2cd297c5c951c07a1b"}
}
