{"/x_devs/_github/code.training/nodejs/console-app/common/menu.js": {"path":"/x_devs/_github/code.training/nodejs/console-app/common/menu.js","statementMap":{"0":{"start":{"line":1,"column":15},"end":{"line":1,"column":42}},"1":{"start":{"line":4,"column":23},"end":{"line":4,"column":37}},"2":{"start":{"line":6,"column":8},"end":{"line":6,"column":67}},"3":{"start":{"line":8,"column":8},"end":{"line":8,"column":108}},"4":{"start":{"line":11,"column":8},"end":{"line":13,"column":55}},"5":{"start":{"line":15,"column":24},"end":{"line":15,"column":52}},"6":{"start":{"line":17,"column":4},"end":{"line":19,"column":5}},"7":{"start":{"line":18,"column":8},"end":{"line":18,"column":43}},"8":{"start":{"line":21,"column":20},"end":{"line":21,"column":42}},"9":{"start":{"line":22,"column":23},"end":{"line":22,"column":108}},"10":{"start":{"line":24,"column":4},"end":{"line":24,"column":22}},"11":{"start":{"line":28,"column":23},"end":{"line":28,"column":52}},"12":{"start":{"line":29,"column":4},"end":{"line":29,"column":33}},"13":{"start":{"line":30,"column":4},"end":{"line":30,"column":20}},"14":{"start":{"line":33,"column":0},"end":{"line":36,"column":2}}},"fnMap":{"0":{"name":"createMenu","decl":{"start":{"line":3,"column":9},"end":{"line":3,"column":19}},"loc":{"start":{"line":3,"column":47},"end":{"line":25,"column":1}},"line":3},"1":{"name":"setPrompt","decl":{"start":{"line":27,"column":9},"end":{"line":27,"column":18}},"loc":{"start":{"line":27,"column":46},"end":{"line":31,"column":1}},"line":27}},"branchMap":{"0":{"loc":{"start":{"line":3,"column":20},"end":{"line":3,"column":45}},"type":"default-arg","locations":[{"start":{"line":3,"column":40},"end":{"line":3,"column":45}}],"line":3},"1":{"loc":{"start":{"line":17,"column":4},"end":{"line":19,"column":5}},"type":"if","locations":[{"start":{"line":17,"column":4},"end":{"line":19,"column":5}},{"start":{"line":17,"column":4},"end":{"line":19,"column":5}}],"line":17}},"s":{"0":1,"1":2,"2":2,"3":2,"4":2,"5":2,"6":2,"7":1,"8":2,"9":2,"10":2,"11":0,"12":0,"13":0,"14":1},"f":{"0":2,"1":0},"b":{"0":[1],"1":[1,1]},"_coverageSchema":"43e27e138ebf9cfc5966b082cf9a028302ed4184","hash":"4f74c5665b26a4b1041e00dfce307a8996802746"}
,"/x_devs/_github/code.training/nodejs/console-app/common/messages.js": {"path":"/x_devs/_github/code.training/nodejs/console-app/common/messages.js","statementMap":{"0":{"start":{"line":1,"column":15},"end":{"line":1,"column":42}},"1":{"start":{"line":2,"column":12},"end":{"line":2,"column":16}},"2":{"start":{"line":5,"column":4},"end":{"line":5,"column":64}},"3":{"start":{"line":9,"column":4},"end":{"line":9,"column":64}},"4":{"start":{"line":11,"column":4},"end":{"line":17,"column":5}},"5":{"start":{"line":12,"column":8},"end":{"line":12,"column":34}},"6":{"start":{"line":13,"column":8},"end":{"line":15,"column":11}},"7":{"start":{"line":14,"column":12},"end":{"line":14,"column":62}},"8":{"start":{"line":16,"column":8},"end":{"line":16,"column":32}},"9":{"start":{"line":21,"column":4},"end":{"line":21,"column":62}},"10":{"start":{"line":23,"column":4},"end":{"line":29,"column":5}},"11":{"start":{"line":24,"column":8},"end":{"line":24,"column":34}},"12":{"start":{"line":25,"column":8},"end":{"line":27,"column":11}},"13":{"start":{"line":26,"column":12},"end":{"line":26,"column":116}},"14":{"start":{"line":28,"column":8},"end":{"line":28,"column":32}},"15":{"start":{"line":32,"column":0},"end":{"line":36,"column":1}}},"fnMap":{"0":{"name":"displayFeedback","decl":{"start":{"line":4,"column":9},"end":{"line":4,"column":24}},"loc":{"start":{"line":4,"column":34},"end":{"line":6,"column":1}},"line":4},"1":{"name":"displayGithubProject","decl":{"start":{"line":8,"column":9},"end":{"line":8,"column":29}},"loc":{"start":{"line":8,"column":37},"end":{"line":18,"column":1}},"line":8},"2":{"name":"(anonymous_2)","decl":{"start":{"line":13,"column":22},"end":{"line":13,"column":23}},"loc":{"start":{"line":13,"column":39},"end":{"line":15,"column":9}},"line":13},"3":{"name":"displayTwitts","decl":{"start":{"line":20,"column":9},"end":{"line":20,"column":22}},"loc":{"start":{"line":20,"column":30},"end":{"line":30,"column":1}},"line":20},"4":{"name":"(anonymous_4)","decl":{"start":{"line":25,"column":22},"end":{"line":25,"column":23}},"loc":{"start":{"line":25,"column":39},"end":{"line":27,"column":9}},"line":25}},"branchMap":{"0":{"loc":{"start":{"line":11,"column":4},"end":{"line":17,"column":5}},"type":"if","locations":[{"start":{"line":11,"column":4},"end":{"line":17,"column":5}},{"start":{"line":11,"column":4},"end":{"line":17,"column":5}}],"line":11},"1":{"loc":{"start":{"line":23,"column":4},"end":{"line":29,"column":5}},"type":"if","locations":[{"start":{"line":23,"column":4},"end":{"line":29,"column":5}},{"start":{"line":23,"column":4},"end":{"line":29,"column":5}}],"line":23}},"s":{"0":1,"1":1,"2":5,"3":2,"4":2,"5":1,"6":1,"7":2,"8":1,"9":2,"10":2,"11":1,"12":1,"13":2,"14":1,"15":1},"f":{"0":5,"1":2,"2":2,"3":2,"4":2},"b":{"0":[1,1],"1":[1,1]},"_coverageSchema":"43e27e138ebf9cfc5966b082cf9a028302ed4184","hash":"cf02fe5cc3ded43fdaf27919528f8d6fdb6c6ad5"}
,"/x_devs/_github/code.training/nodejs/console-app/common/api/github-api-manager.js": {"path":"/x_devs/_github/code.training/nodejs/console-app/common/api/github-api-manager.js","statementMap":{"0":{"start":{"line":1,"column":13},"end":{"line":1,"column":29}},"1":{"start":{"line":7,"column":8},"end":{"line":7,"column":14}},"2":{"start":{"line":9,"column":20},"end":{"line":15,"column":5}},"3":{"start":{"line":17,"column":4},"end":{"line":29,"column":7}},"4":{"start":{"line":18,"column":8},"end":{"line":28,"column":33}},"5":{"start":{"line":19,"column":27},"end":{"line":19,"column":29}},"6":{"start":{"line":21,"column":16},"end":{"line":21,"column":55}},"7":{"start":{"line":21,"column":40},"end":{"line":21,"column":53}},"8":{"start":{"line":23,"column":16},"end":{"line":26,"column":19}},"9":{"start":{"line":24,"column":43},"end":{"line":24,"column":62}},"10":{"start":{"line":25,"column":20},"end":{"line":25,"column":44}},"11":{"start":{"line":33,"column":21},"end":{"line":33,"column":37}},"12":{"start":{"line":35,"column":16},"end":{"line":38,"column":7}},"13":{"start":{"line":35,"column":44},"end":{"line":38,"column":5}},"14":{"start":{"line":40,"column":4},"end":{"line":40,"column":15}},"15":{"start":{"line":43,"column":0},"end":{"line":45,"column":2}}},"fnMap":{"0":{"name":"findProjects","decl":{"start":{"line":3,"column":9},"end":{"line":3,"column":21}},"loc":{"start":{"line":3,"column":50},"end":{"line":30,"column":1}},"line":3},"1":{"name":"(anonymous_1)","decl":{"start":{"line":17,"column":23},"end":{"line":17,"column":24}},"loc":{"start":{"line":17,"column":44},"end":{"line":29,"column":5}},"line":17},"2":{"name":"(anonymous_2)","decl":{"start":{"line":18,"column":26},"end":{"line":18,"column":27}},"loc":{"start":{"line":18,"column":33},"end":{"line":27,"column":13}},"line":18},"3":{"name":"(anonymous_3)","decl":{"start":{"line":21,"column":31},"end":{"line":21,"column":32}},"loc":{"start":{"line":21,"column":40},"end":{"line":21,"column":53}},"line":21},"4":{"name":"(anonymous_4)","decl":{"start":{"line":23,"column":30},"end":{"line":23,"column":31}},"loc":{"start":{"line":23,"column":36},"end":{"line":26,"column":17}},"line":23},"5":{"name":"parseResponse","decl":{"start":{"line":32,"column":9},"end":{"line":32,"column":22}},"loc":{"start":{"line":32,"column":29},"end":{"line":41,"column":1}},"line":32},"6":{"name":"(anonymous_6)","decl":{"start":{"line":35,"column":35},"end":{"line":35,"column":36}},"loc":{"start":{"line":35,"column":44},"end":{"line":38,"column":5}},"line":35}},"branchMap":{"0":{"loc":{"start":{"line":3,"column":30},"end":{"line":3,"column":48}},"type":"default-arg","locations":[{"start":{"line":3,"column":38},"end":{"line":3,"column":48}}],"line":3}},"s":{"0":1,"1":1,"2":1,"3":1,"4":1,"5":1,"6":1,"7":1,"8":1,"9":1,"10":1,"11":1,"12":1,"13":29,"14":1,"15":1},"f":{"0":1,"1":1,"2":1,"3":1,"4":1,"5":1,"6":29},"b":{"0":[1]},"_coverageSchema":"43e27e138ebf9cfc5966b082cf9a028302ed4184","hash":"b2367c2595d15149e8655d9723351a9b118b0398"}
,"/x_devs/_github/code.training/nodejs/console-app/common/api/twitter-api-manager.js": {"path":"/x_devs/_github/code.training/nodejs/console-app/common/api/twitter-api-manager.js","statementMap":{"0":{"start":{"line":1,"column":13},"end":{"line":1,"column":29}},"1":{"start":{"line":6,"column":8},"end":{"line":6,"column":14}},"2":{"start":{"line":8,"column":20},"end":{"line":18,"column":5}},"3":{"start":{"line":20,"column":4},"end":{"line":32,"column":7}},"4":{"start":{"line":21,"column":8},"end":{"line":31,"column":33}},"5":{"start":{"line":22,"column":27},"end":{"line":22,"column":29}},"6":{"start":{"line":24,"column":16},"end":{"line":24,"column":55}},"7":{"start":{"line":24,"column":40},"end":{"line":24,"column":53}},"8":{"start":{"line":26,"column":16},"end":{"line":29,"column":19}},"9":{"start":{"line":27,"column":43},"end":{"line":27,"column":62}},"10":{"start":{"line":28,"column":20},"end":{"line":28,"column":44}},"11":{"start":{"line":36,"column":21},"end":{"line":36,"column":37}},"12":{"start":{"line":38,"column":16},"end":{"line":41,"column":7}},"13":{"start":{"line":38,"column":47},"end":{"line":41,"column":5}},"14":{"start":{"line":43,"column":4},"end":{"line":43,"column":15}},"15":{"start":{"line":46,"column":0},"end":{"line":48,"column":1}}},"fnMap":{"0":{"name":"findTwitts","decl":{"start":{"line":3,"column":9},"end":{"line":3,"column":19}},"loc":{"start":{"line":3,"column":35},"end":{"line":33,"column":1}},"line":3},"1":{"name":"(anonymous_1)","decl":{"start":{"line":20,"column":23},"end":{"line":20,"column":24}},"loc":{"start":{"line":20,"column":44},"end":{"line":32,"column":5}},"line":20},"2":{"name":"(anonymous_2)","decl":{"start":{"line":21,"column":26},"end":{"line":21,"column":27}},"loc":{"start":{"line":21,"column":35},"end":{"line":30,"column":13}},"line":21},"3":{"name":"(anonymous_3)","decl":{"start":{"line":24,"column":31},"end":{"line":24,"column":32}},"loc":{"start":{"line":24,"column":40},"end":{"line":24,"column":53}},"line":24},"4":{"name":"(anonymous_4)","decl":{"start":{"line":26,"column":30},"end":{"line":26,"column":31}},"loc":{"start":{"line":26,"column":36},"end":{"line":29,"column":17}},"line":26},"5":{"name":"parseResponse","decl":{"start":{"line":35,"column":9},"end":{"line":35,"column":22}},"loc":{"start":{"line":35,"column":29},"end":{"line":44,"column":1}},"line":35},"6":{"name":"(anonymous_6)","decl":{"start":{"line":38,"column":38},"end":{"line":38,"column":39}},"loc":{"start":{"line":38,"column":47},"end":{"line":41,"column":5}},"line":38}},"branchMap":{},"s":{"0":1,"1":1,"2":1,"3":1,"4":1,"5":1,"6":1,"7":1,"8":1,"9":1,"10":1,"11":1,"12":1,"13":15,"14":1,"15":1},"f":{"0":1,"1":1,"2":1,"3":1,"4":1,"5":1,"6":15},"b":{},"_coverageSchema":"43e27e138ebf9cfc5966b082cf9a028302ed4184","hash":"48684534c8fec0faee632e62145ddf0b794cabde"}
,"/x_devs/_github/code.training/nodejs/console-app/common/helpers/colors.js": {"path":"/x_devs/_github/code.training/nodejs/console-app/common/helpers/colors.js","statementMap":{"0":{"start":{"line":1,"column":15},"end":{"line":27,"column":1}},"1":{"start":{"line":29,"column":0},"end":{"line":29,"column":24}}},"fnMap":{},"branchMap":{},"s":{"0":2,"1":2},"f":{},"b":{},"_coverageSchema":"43e27e138ebf9cfc5966b082cf9a028302ed4184","hash":"187076b5f031f3d8f0d54f132f7eb25112c56236"}
}
