TN:
SF:/x_devs/_github/code.training/nodejs/console-app/api/github-api-manager.js
FN:5,findProjects
FN:16,(anonymous_1)
FN:17,(anonymous_2)
FN:20,(anonymous_3)
FN:22,(anonymous_4)
FN:31,parseResponse
FN:35,(anonymous_6)
FNF:7
FNH:7
FNDA:1,findProjects
FNDA:1,(anonymous_1)
FNDA:1,(anonymous_2)
FNDA:1,(anonymous_3)
FNDA:1,(anonymous_4)
FNDA:1,parseResponse
FNDA:29,(anonymous_6)
DA:1,1
DA:3,1
DA:6,1
DA:8,1
DA:16,1
DA:17,1
DA:18,1
DA:20,1
DA:22,1
DA:23,1
DA:24,1
DA:33,1
DA:35,29
DA:40,1
DA:43,1
LF:15
LH:15
BRDA:5,0,0,1
BRF:1
BRH:1
end_of_record
TN:
SF:/x_devs/_github/code.training/nodejs/console-app/api/twitter-api-manager.js
FN:8,findTwitts
FN:21,(anonymous_1)
FN:22,(anonymous_2)
FN:25,(anonymous_3)
FN:27,(anonymous_4)
FN:38,parseResponse
FN:41,(anonymous_6)
FNF:7
FNH:7
FNDA:1,findTwitts
FNDA:1,(anonymous_1)
FNDA:1,(anonymous_2)
FNDA:1,(anonymous_3)
FNDA:1,(anonymous_4)
FNDA:1,parseResponse
FNDA:15,(anonymous_6)
DA:1,1
DA:2,1
DA:4,1
DA:5,1
DA:9,1
DA:21,1
DA:22,1
DA:23,1
DA:25,1
DA:27,1
DA:28,1
DA:29,1
DA:39,1
DA:41,15
DA:46,1
DA:49,1
LF:16
LH:16
BRF:0
BRH:0
end_of_record
