TN:
SF:/x_devs/_github/code.training/nodejs/console-app/common/menu.js
FN:3,createMenu
FN:27,setPrompt
FNF:2
FNH:1
FNDA:2,createMenu
FNDA:0,setPrompt
DA:1,1
DA:4,2
DA:6,2
DA:8,2
DA:11,2
DA:15,2
DA:17,2
DA:18,1
DA:21,2
DA:22,2
DA:24,2
DA:28,0
DA:29,0
DA:30,0
DA:33,1
LF:15
LH:12
BRDA:3,0,0,1
BRDA:17,1,0,1
BRDA:17,1,1,1
BRF:3
BRH:3
end_of_record
TN:
SF:/x_devs/_github/code.training/nodejs/console-app/common/messages.js
FN:4,displayFeedback
FN:8,displayGithubProject
FN:13,(anonymous_2)
FN:20,displayTwitts
FN:25,(anonymous_4)
FNF:5
FNH:5
FNDA:5,displayFeedback
FNDA:2,displayGithubProject
FNDA:2,(anonymous_2)
FNDA:2,displayTwitts
FNDA:2,(anonymous_4)
DA:1,1
DA:2,1
DA:5,5
DA:9,2
DA:11,2
DA:12,1
DA:13,1
DA:14,2
DA:16,1
DA:21,2
DA:23,2
DA:24,1
DA:25,1
DA:26,2
DA:28,1
DA:32,1
LF:16
LH:16
BRDA:11,0,0,1
BRDA:11,0,1,1
BRDA:23,1,0,1
BRDA:23,1,1,1
BRF:4
BRH:4
end_of_record
TN:
SF:/x_devs/_github/code.training/nodejs/console-app/common/api/github-api-manager.js
FN:3,findProjects
FN:17,(anonymous_1)
FN:18,(anonymous_2)
FN:21,(anonymous_3)
FN:23,(anonymous_4)
FN:32,parseResponse
FN:35,(anonymous_6)
FNF:7
FNH:7
FNDA:1,findProjects
FNDA:1,(anonymous_1)
FNDA:1,(anonymous_2)
FNDA:1,(anonymous_3)
FNDA:1,(anonymous_4)
FNDA:1,parseResponse
FNDA:29,(anonymous_6)
DA:1,1
DA:7,1
DA:9,1
DA:17,1
DA:18,1
DA:19,1
DA:21,1
DA:23,1
DA:24,1
DA:25,1
DA:33,1
DA:35,29
DA:40,1
DA:43,1
LF:14
LH:14
BRDA:3,0,0,1
BRF:1
BRH:1
end_of_record
TN:
SF:/x_devs/_github/code.training/nodejs/console-app/common/api/twitter-api-manager.js
FN:3,findTwitts
FN:20,(anonymous_1)
FN:21,(anonymous_2)
FN:24,(anonymous_3)
FN:26,(anonymous_4)
FN:35,parseResponse
FN:38,(anonymous_6)
FNF:7
FNH:7
FNDA:1,findTwitts
FNDA:1,(anonymous_1)
FNDA:1,(anonymous_2)
FNDA:1,(anonymous_3)
FNDA:1,(anonymous_4)
FNDA:1,parseResponse
FNDA:15,(anonymous_6)
DA:1,1
DA:6,1
DA:8,1
DA:20,1
DA:21,1
DA:22,1
DA:24,1
DA:26,1
DA:27,1
DA:28,1
DA:36,1
DA:38,15
DA:43,1
DA:46,1
LF:14
LH:14
BRF:0
BRH:0
end_of_record
TN:
SF:/x_devs/_github/code.training/nodejs/console-app/common/helpers/colors.js
FNF:0
FNH:0
DA:1,2
DA:29,2
LF:2
LH:2
BRF:0
BRH:0
end_of_record
